Arguments: 
  C:\Program Files (x86)\nodejs\node.exe C:\Program Files (x86)\Yarn\bin\yarn.js serve

PATH: 
  C:\ProgramData\Oracle\Java\javapath;C:\Program Files (x86)\Intel\iCLS Client\;C:\Program Files\Intel\iCLS Client\;C:\Windows\system32;C:\Windows;C:\Windows\System32\Wbem;C:\Windows\System32\WindowsPowerShell\v1.0\;C:\Program Files (x86)\Intel\Intel(R) Management Engine Components\DAL;C:\Program Files\Intel\Intel(R) Management Engine Components\DAL;C:\Program Files (x86)\Intel\Intel(R) Management Engine Components\IPT;C:\Program Files\Intel\Intel(R) Management Engine Components\IPT;C:\Program Files (x86)\NVIDIA Corporation\PhysX\Common;C:\Program Files\Intel\WiFi\bin\;C:\Program Files\Common Files\Intel\WirelessCommon\;C:\WINDOWS\system32;C:\WINDOWS;C:\WINDOWS\System32\Wbem;C:\WINDOWS\System32\WindowsPowerShell\v1.0\;C:\Program Files\MySQL\MySQL Utilities 1.6\;C:\Program Files (x86)\PuTTY\;C:\Program Files (x86)\Subversion\bin;C:\Program Files (x86)\nodejs\;C:\Program Files (x86)\Yarn\bin\;C:\Program Files\Git\cmd;C:\RailsInstaller\Git\cmd;C:\RailsInstaller\Ruby2.3.3\bin;"C:\Program Files (x86)\Heroku\bin;";C:\Users\micha\AppData\Local\Programs\Python\Python36-32\Scripts\;C:\Users\micha\AppData\Local\Programs\Python\Python36-32\;C:\Users\micha\scoop\shims;"C:\Program Files\Java\jdk1.8.0_144\bin;";"C:\Users\micha\Desktop\apache-maven-3.5.2-bin\bin;";"C:\Program Files\7-Zip;";C:\Users\micha\AppData\Local\Microsoft\WindowsApps;C:\IntelPython3;C:\IntelPython3\Scripts;C:\Users\micha\AppData\Roaming\npm;"C:\Program Files\Dig;";C:\Program Files\Heroku\bin;C:\Users\micha\AppData\Local\atom\bin;C:\Users\micha\AppData\Local\Yarn\bin;C:\Users\micha\AppData\Local\Programs\MiKTeX 2.9\miktex\bin\x64\

Yarn version: 
  1.5.1

Node version: 
  8.9.4

Platform: 
  win32 ia32

npm manifest: 
  {
    "name": "instascan",
    "version": "2.0.0",
    "description": "Webcam-driven QR code scanner.",
    "main": "lib/index.js",
    "scripts": {
      "test": "echo \"Error: no test specified\" && exit 1"
    },
    "files": [
      "src/"
    ],
    "repository": {
      "type": "git",
      "url": "git+https://github.com/schmich/instascan.git"
    },
    "keywords": [
      "qr",
      "code",
      "quick",
      "response",
      "scan",
      "scanner",
      "webcam",
      "realtime"
    ],
    "author": "Chris Schmich <schmch@gmail.com>",
    "license": "MIT",
    "bugs": {
      "url": "https://github.com/schmich/instascan/issues"
    },
    "homepage": "https://github.com/schmich/instascan",
    "devDependencies": {
      "babel-plugin-transform-runtime": "^6.23.0",
      "babel-preset-env": "^1.6.0",
      "babelify": "^7.3.0",
      "browserify": "^14.4.0",
      "gulp": "^3.9.1",
      "gulp-babel": "^7.0.0",
      "gulp-rename": "^1.2.2",
      "gulp-transform": "^3.0.5",
      "gulp-uglify": "^3.0.0",
      "vinyl-buffer": "^1.0.0",
      "vinyl-source-stream": "^1.1.0"
    },
    "dependencies": {
      "babel-runtime": "^6.26.0",
      "fsm-as-promised": "^0.14.5",
      "visibilityjs": "^1.2.4",
      "webrtc-adapter": "^6.1.4"
    }
  }

yarn manifest: 
  No manifest

Lockfile: 
  No lockfile

Trace: 
  Error: Command "serve" not found.
      at new MessageError (C:\Program Files (x86)\Yarn\lib\cli.js:186:110)
      at C:\Program Files (x86)\Yarn\lib\cli.js:87307:17
      at Generator.next (<anonymous>)
      at step (C:\Program Files (x86)\Yarn\lib\cli.js:98:30)
      at C:\Program Files (x86)\Yarn\lib\cli.js:116:14
      at new Promise (<anonymous>)
      at new F (C:\Program Files (x86)\Yarn\lib\cli.js:23451:28)
      at C:\Program Files (x86)\Yarn\lib\cli.js:95:12
      at runCommand (C:\Program Files (x86)\Yarn\lib\cli.js:87312:22)
      at Object.<anonymous> (C:\Program Files (x86)\Yarn\lib\cli.js:87412:14)
